This is pdfTeX, Version 3.14159265-2.6-1.40.19 (MiKTeX 2.9.6630 64-bit) (preloaded format=pdflatex 2018.6.10)  27 OCT 2019 23:33
entering extended mode
**"C:/Users/zennsunni/Dropbox/School Stuff/Fall 2019/AMATH522/HW2/yarosevich_52
2_hw2.tex"

("C:/Users/zennsunni/Dropbox/School Stuff/Fall 2019/AMATH522/HW2/yarosevich_522
_hw2.tex"
LaTeX2e <2017-04-15>
Babel <3.18> and hyphenation patterns for 75 language(s) loaded.
("C:\Program Files\MiKTeX 2.9\tex\latex\base\article.cls"
Document Class: article 2014/09/29 v1.4h Standard LaTeX document class
("C:\Program Files\MiKTeX 2.9\tex\latex\base\size10.clo"
File: size10.clo 2014/09/29 v1.4h Standard LaTeX file (size option)
)
\c@part=\count79
\c@section=\count80
\c@subsection=\count81
\c@subsubsection=\count82
\c@paragraph=\count83
\c@subparagraph=\count84
\c@figure=\count85
\c@table=\count86
\abovecaptionskip=\skip41
\belowcaptionskip=\skip42
\bibindent=\dimen102
)
("C:\Program Files\MiKTeX 2.9\tex\latex\fancyhdr\fancyhdr.sty"
Package: fancyhdr 2019/01/31 v3.10 Extensive control of page headers and footer
s
\f@nch@headwidth=\skip43
\f@nch@O@elh=\skip44
\f@nch@O@erh=\skip45
\f@nch@O@olh=\skip46
\f@nch@O@orh=\skip47
\f@nch@O@elf=\skip48
\f@nch@O@erf=\skip49
\f@nch@O@olf=\skip50
\f@nch@O@orf=\skip51
)
("C:\Program Files\MiKTeX 2.9\tex\latex\setspace\setspace.sty"
Package: setspace 2011/12/19 v6.7a set line spacing
)
("C:\Program Files\MiKTeX 2.9\tex\latex\siunitx\siunitx.sty"
("C:\Program Files\MiKTeX 2.9\tex\latex\l3kernel\expl3.sty"
Package: expl3 2018-06-01 L3 programming layer (loader) 

("C:\Program Files\MiKTeX 2.9\tex\latex\l3kernel\expl3-code.tex"
Package: expl3 2018-06-01 L3 programming layer (code)
\c_max_int=\count87
\l_tmpa_int=\count88
\l_tmpb_int=\count89
\g_tmpa_int=\count90
\g_tmpb_int=\count91
\g__kernel_prg_map_int=\count92
\c_log_iow=\count93
\l_iow_line_count_int=\count94
\l__iow_line_target_int=\count95
\l__iow_one_indent_int=\count96
\l__iow_indent_int=\count97
\c_zero_dim=\dimen103
\c_max_dim=\dimen104
\l_tmpa_dim=\dimen105
\l_tmpb_dim=\dimen106
\g_tmpa_dim=\dimen107
\g_tmpb_dim=\dimen108
\c_zero_skip=\skip52
\c_max_skip=\skip53
\l_tmpa_skip=\skip54
\l_tmpb_skip=\skip55
\g_tmpa_skip=\skip56
\g_tmpb_skip=\skip57
\c_zero_muskip=\muskip10
\c_max_muskip=\muskip11
\l_tmpa_muskip=\muskip12
\l_tmpb_muskip=\muskip13
\g_tmpa_muskip=\muskip14
\g_tmpb_muskip=\muskip15
\l_keys_choice_int=\count98
\l__intarray_loop_int=\count99
\c__intarray_sp_dim=\dimen109
\g__intarray_font_int=\count100
\c__fp_leading_shift_int=\count101
\c__fp_middle_shift_int=\count102
\c__fp_trailing_shift_int=\count103
\c__fp_big_leading_shift_int=\count104
\c__fp_big_middle_shift_int=\count105
\c__fp_big_trailing_shift_int=\count106
\c__fp_Bigg_leading_shift_int=\count107
\c__fp_Bigg_middle_shift_int=\count108
\c__fp_Bigg_trailing_shift_int=\count109
\c__kernel_randint_max_int=\count110
\g__fp_array_int=\count111
\l__fp_array_loop_int=\count112
\l__sort_length_int=\count113
\l__sort_min_int=\count114
\l__sort_top_int=\count115
\l__sort_max_int=\count116
\l__sort_true_max_int=\count117
\l__sort_block_int=\count118
\l__sort_begin_int=\count119
\l__sort_end_int=\count120
\l__sort_A_int=\count121
\l__sort_B_int=\count122
\l__sort_C_int=\count123
\l__tl_analysis_normal_int=\count124
\l__tl_analysis_index_int=\count125
\l__tl_analysis_nesting_int=\count126
\l__tl_analysis_type_int=\count127
\l__regex_internal_a_int=\count128
\l__regex_internal_b_int=\count129
\l__regex_internal_c_int=\count130
\l__regex_balance_int=\count131
\l__regex_group_level_int=\count132
\l__regex_mode_int=\count133
\c__regex_cs_in_class_mode_int=\count134
\c__regex_cs_mode_int=\count135
\l__regex_catcodes_int=\count136
\l__regex_default_catcodes_int=\count137
\c__regex_catcode_D_int=\count138
\c__regex_catcode_S_int=\count139
\c__regex_catcode_L_int=\count140
\c__regex_catcode_O_int=\count141
\c__regex_catcode_A_int=\count142
\c__regex_all_catcodes_int=\count143
\l__regex_show_lines_int=\count144
\l__regex_min_state_int=\count145
\l__regex_max_state_int=\count146
\l__regex_left_state_int=\count147
\l__regex_right_state_int=\count148
\l__regex_capturing_group_int=\count149
\l__regex_min_pos_int=\count150
\l__regex_max_pos_int=\count151
\l__regex_curr_pos_int=\count152
\l__regex_start_pos_int=\count153
\l__regex_success_pos_int=\count154
\l__regex_curr_char_int=\count155
\l__regex_curr_catcode_int=\count156
\l__regex_last_char_int=\count157
\l__regex_case_changed_char_int=\count158
\l__regex_curr_state_int=\count159
\l__regex_step_int=\count160
\l__regex_min_active_int=\count161
\l__regex_max_active_int=\count162
\l__regex_replacement_csnames_int=\count163
\l__regex_match_count_int=\count164
\l__regex_min_submatch_int=\count165
\l__regex_submatch_int=\count166
\l__regex_zeroth_submatch_int=\count167
\g__regex_trace_regex_int=\count168
\c_empty_box=\box26
\l_tmpa_box=\box27
\l_tmpb_box=\box28
\g_tmpa_box=\box29
\g_tmpb_box=\box30
\l__box_top_dim=\dimen110
\l__box_bottom_dim=\dimen111
\l__box_left_dim=\dimen112
\l__box_right_dim=\dimen113
\l__box_top_new_dim=\dimen114
\l__box_bottom_new_dim=\dimen115
\l__box_left_new_dim=\dimen116
\l__box_right_new_dim=\dimen117
\l__box_internal_box=\box31
\l__coffin_internal_box=\box32
\l__coffin_internal_dim=\dimen118
\l__coffin_offset_x_dim=\dimen119
\l__coffin_offset_y_dim=\dimen120
\l__coffin_x_dim=\dimen121
\l__coffin_y_dim=\dimen122
\l__coffin_x_prime_dim=\dimen123
\l__coffin_y_prime_dim=\dimen124
\c_empty_coffin=\box33
\l__coffin_aligned_coffin=\box34
\l__coffin_aligned_internal_coffin=\box35
\l_tmpa_coffin=\box36
\l_tmpb_coffin=\box37
\l__coffin_display_coffin=\box38
\l__coffin_display_coord_coffin=\box39
\l__coffin_display_pole_coffin=\box40
\l__coffin_display_offset_dim=\dimen125
\l__coffin_display_x_dim=\dimen126
\l__coffin_display_y_dim=\dimen127
\g__file_internal_ior=\read1
\l__coffin_bounding_shift_dim=\dimen128
\l__coffin_left_corner_dim=\dimen129
\l__coffin_right_corner_dim=\dimen130
\l__coffin_bottom_corner_dim=\dimen131
\l__coffin_top_corner_dim=\dimen132
\l__coffin_scaled_total_height_dim=\dimen133
\l__coffin_scaled_width_dim=\dimen134
\l__seq_internal_a_int=\count169
\l__seq_internal_b_int=\count170
)
("C:\Program Files\MiKTeX 2.9\tex\latex\l3kernel\l3pdfmode.def"
File: l3pdfmode.def 2018-06-01 v L3 Experimental driver: PDF mode
\l__driver_color_stack_int=\count171
))
("C:\Program Files\MiKTeX 2.9\tex\latex\l3packages\xparse\xparse.sty"
Package: xparse 2018-05-12 L3 Experimental document command parser
\l__xparse_current_arg_int=\count172
\g__xparse_grabber_int=\count173
\l__xparse_m_args_int=\count174
\l__xparse_mandatory_args_int=\count175
\l__xparse_v_nesting_int=\count176
)
Package: siunitx 2018/05/17 v2.7s A comprehensive (SI) units package

("C:\Program Files\MiKTeX 2.9\tex\latex\amsmath\amstext.sty"
Package: amstext 2000/06/29 v2.01 AMS text

("C:\Program Files\MiKTeX 2.9\tex\latex\amsmath\amsgen.sty"
File: amsgen.sty 1999/11/30 v2.0 generic functions
\@emptytoks=\toks14
\ex@=\dimen135
))
("C:\Program Files\MiKTeX 2.9\tex\latex\tools\array.sty"
Package: array 2016/10/06 v2.4d Tabular extension package (FMi)
\col@sep=\dimen136
\extrarowheight=\dimen137
\NC@list=\toks15
\extratabsurround=\skip58
\backup@length=\skip59
)
("C:\Program Files\MiKTeX 2.9\tex\latex\l3packages\l3keys2e\l3keys2e.sty"
Package: l3keys2e 2018-05-12 LaTeX2e option processing using LaTeX3 keys
)
\l__siunitx_tmp_box=\box41
\l__siunitx_tmp_dim=\dimen138
\l__siunitx_tmp_int=\count177
\l__siunitx_number_mantissa_length_int=\count178
\l__siunitx_number_uncert_length_int=\count179
\l__siunitx_round_int=\count180
\l__siunitx_process_decimal_int=\count181
\l__siunitx_process_uncertainty_int=\count182
\l__siunitx_process_fixed_int=\count183
\l__siunitx_process_integer_min_int=\count184
\l__siunitx_process_precision_int=\count185
\l__siunitx_group_min_int=\count186
\l__siunitx_angle_marker_box=\box42
\l__siunitx_angle_unit_box=\box43
\l__siunitx_angle_marker_dim=\dimen139
\l__siunitx_angle_unit_dim=\dimen140
\l__siunitx_unit_int=\count187
\l__siunitx_unit_denominator_int=\count188
\l__siunitx_unit_numerator_int=\count189
\l__siunitx_unit_prefix_int=\count190
\l__siunitx_unit_prefix_base_int=\count191
\l__siunitx_unit_prefix_gram_int=\count192
\l__siunitx_number_product_int=\count193
\c__siunitx_one_fill_skip=\skip60
\l__siunitx_table_unit_align_skip=\skip61
\l__siunitx_table_exponent_dim=\dimen141
\l__siunitx_table_integer_dim=\dimen142
\l__siunitx_table_mantissa_dim=\dimen143
\l__siunitx_table_marker_dim=\dimen144
\l__siunitx_table_result_dim=\dimen145
\l__siunitx_table_uncert_dim=\dimen146
\l__siunitx_table_fill_pre_dim=\dimen147
\l__siunitx_table_fill_post_dim=\dimen148
\l__siunitx_table_fill_mid_dim=\dimen149
\l__siunitx_table_pre_box=\box44
\l__siunitx_table_post_box=\box45
\l__siunitx_table_mantissa_box=\box46
\l__siunitx_table_result_box=\box47
\l__siunitx_table_number_align_skip=\skip62
\l__siunitx_table_text_align_skip=\skip63
.................................................
. LaTeX info: "xparse/define-command"
. 
. Defining command \DeclareBinaryPrefix with sig. 'mmm' on line 7237.
.................................................
.................................................
. LaTeX info: "xparse/define-command"
. 
. Defining command \DeclareSIPostPower with sig. 'mm' on line 7240.
.................................................
.................................................
. LaTeX info: "xparse/define-command"
. 
. Defining command \DeclareSIPrefix with sig. 'mmm' on line 7243.
.................................................
.................................................
. LaTeX info: "xparse/define-command"
. 
. Defining command \DeclareSIPrePower with sig. 'mm' on line 7246.
.................................................
.................................................
. LaTeX info: "xparse/define-command"
. 
. Defining command \DeclareSIQualifier with sig. 'mm' on line 7249.
.................................................
.................................................
. LaTeX info: "xparse/define-command"
. 
. Defining command \DeclareSIUnit with sig. 'O{}mm' on line 7252.
.................................................
.................................................
. LaTeX info: "xparse/define-command"
. 
. Defining command \DeclareSIUnitWithOptions with sig. 'mmm' on line 7255.
.................................................
.................................................
. LaTeX info: "xparse/define-command"
. 
. Defining command \ang with sig. 'o>{\SplitArgument {2}{;}}m' on line 7270.
.................................................
.................................................
. LaTeX info: "xparse/define-command"
. 
. Defining command \num with sig. 'om' on line 7279.
.................................................
.................................................
. LaTeX info: "xparse/define-command"
. 
. Defining command \numlist with sig. 'o>{\SplitList {;}}m' on line 7288.
.................................................
.................................................
. LaTeX info: "xparse/define-command"
. 
. Defining command \numrange with sig. 'omm' on line 7297.
.................................................
.................................................
. LaTeX info: "xparse/define-command"
. 
. Defining command \SIlist with sig. 'o>{\SplitList {;}}mm' on line 7309.
.................................................
.................................................
. LaTeX info: "xparse/define-command"
. 
. Defining command \SIrange with sig. 'ommm' on line 7321.
.................................................
.................................................
. LaTeX info: "xparse/define-command"
. 
. Defining command \SI with sig. 'omom' on line 7333.
.................................................
.................................................
. LaTeX info: "xparse/define-command"
. 
. Defining command \sisetup with sig. 'm' on line 7336.
.................................................
.................................................
. LaTeX info: "xparse/define-command"
. 
. Defining command \tablenum with sig. 'om' on line 7351.
.................................................
.................................................
. LaTeX info: "xparse/define-command"
. 
. Defining command \si with sig. 'om' on line 7363.
.................................................
.................................................
. LaTeX info: "xparse/define-command"
. 
. Defining command \numInBookmark with sig. 'om' on line 7410.
.................................................
.................................................
. LaTeX info: "xparse/define-command"
. 
. Defining command \numrangeInBookmark with sig. 'omm' on line 7412.
.................................................
.................................................
. LaTeX info: "xparse/define-command"
. 
. Defining command \SIInBookmark with sig. 'omom' on line 7414.
.................................................
.................................................
. LaTeX info: "xparse/define-command"
. 
. Defining command \SIlistInBookmark with sig. 'omm' on line 7416.
.................................................
.................................................
. LaTeX info: "xparse/define-command"
. 
. Defining command \SIrangeInBookmark with sig. 'ommm' on line 7418.
.................................................
.................................................
. LaTeX info: "xparse/define-command"
. 
. Defining command \siInBookmark with sig. 'om' on line 7419.
.................................................

("C:\Program Files\MiKTeX 2.9\tex\latex\translator\translator.sty"
Package: translator 2018/01/04 v1.12 Easy translation of strings in LaTeX

("C:\Program Files\MiKTeX 2.9\tex\latex\graphics\keyval.sty"
Package: keyval 2014/10/28 v1.15 key=value parser (DPC)
\KV@toks@=\toks16
)))
("C:\Program Files\MiKTeX 2.9\tex\latex\graphics\graphicx.sty"
Package: graphicx 2017/06/01 v1.1a Enhanced LaTeX Graphics (DPC,SPQR)

("C:\Program Files\MiKTeX 2.9\tex\latex\graphics\graphics.sty"
Package: graphics 2017/06/25 v1.2c Standard LaTeX Graphics (DPC,SPQR)

("C:\Program Files\MiKTeX 2.9\tex\latex\graphics\trig.sty"
Package: trig 2016/01/03 v1.10 sin cos tan (DPC)
)
("C:\Program Files\MiKTeX 2.9\tex\latex\graphics-cfg\graphics.cfg"
File: graphics.cfg 2016/06/04 v1.11 sample graphics configuration
)
Package graphics Info: Driver file: pdftex.def on input line 99.

("C:\Program Files\MiKTeX 2.9\tex\latex\graphics-def\pdftex.def"
File: pdftex.def 2018/01/08 v1.0l Graphics/color driver for pdftex
))
\Gin@req@height=\dimen150
\Gin@req@width=\dimen151
)
("C:\Program Files\MiKTeX 2.9\tex\latex\amsmath\amsmath.sty"
Package: amsmath 2017/09/02 v2.17a AMS math features
\@mathmargin=\skip64

For additional information on amsmath, use the `?' option.
("C:\Program Files\MiKTeX 2.9\tex\latex\amsmath\amsbsy.sty"
Package: amsbsy 1999/11/29 v1.2d Bold Symbols
\pmbraise@=\dimen152
)
("C:\Program Files\MiKTeX 2.9\tex\latex\amsmath\amsopn.sty"
Package: amsopn 2016/03/08 v2.02 operator names
)
\inf@bad=\count194
LaTeX Info: Redefining \frac on input line 213.
\uproot@=\count195
\leftroot@=\count196
LaTeX Info: Redefining \overline on input line 375.
\classnum@=\count197
\DOTSCASE@=\count198
LaTeX Info: Redefining \ldots on input line 472.
LaTeX Info: Redefining \dots on input line 475.
LaTeX Info: Redefining \cdots on input line 596.
\Mathstrutbox@=\box48
\strutbox@=\box49
\big@size=\dimen153
LaTeX Font Info:    Redeclaring font encoding OML on input line 712.
LaTeX Font Info:    Redeclaring font encoding OMS on input line 713.
\macc@depth=\count199
\c@MaxMatrixCols=\count266
\dotsspace@=\muskip16
\c@parentequation=\count267
\dspbrk@lvl=\count268
\tag@help=\toks17
\row@=\count269
\column@=\count270
\maxfields@=\count271
\andhelp@=\toks18
\eqnshift@=\dimen154
\alignsep@=\dimen155
\tagshift@=\dimen156
\tagwidth@=\dimen157
\totwidth@=\dimen158
\lineht@=\dimen159
\@envbody=\toks19
\multlinegap=\skip65
\multlinetaggap=\skip66
\mathdisplay@stack=\toks20
LaTeX Info: Redefining \[ on input line 2817.
LaTeX Info: Redefining \] on input line 2818.
)
("C:\Program Files\MiKTeX 2.9\tex\latex\adjustbox\adjustbox.sty"
Package: adjustbox 2018/04/08 v1.1 Adjusting TeX boxes (trim, clip, ...)

("C:\Program Files\MiKTeX 2.9\tex\latex\xkeyval\xkeyval.sty"
Package: xkeyval 2014/12/03 v2.7a package option processing (HA)

("C:\Program Files\MiKTeX 2.9\tex\generic\xkeyval\xkeyval.tex"
("C:\Program Files\MiKTeX 2.9\tex\generic\xkeyval\xkvutils.tex"
\XKV@toks=\toks21
\XKV@tempa@toks=\toks22
)
\XKV@depth=\count272
File: xkeyval.tex 2014/12/03 v2.7a key=value parser (HA)
))
("C:\Program Files\MiKTeX 2.9\tex\latex\adjustbox\adjcalc.sty"
Package: adjcalc 2012/05/16 v1.1 Provides advanced setlength with multiple back
-ends (calc, etex, pgfmath)
)
("C:\Program Files\MiKTeX 2.9\tex\latex\adjustbox\trimclip.sty"
Package: trimclip 2018/04/08 v1.1 Trim and clip general TeX material

("C:\Program Files\MiKTeX 2.9\tex\latex\collectbox\collectbox.sty"
Package: collectbox 2012/05/17 v0.4b Collect macro arguments as boxes
\collectedbox=\box50
)
\tc@llx=\dimen160
\tc@lly=\dimen161
\tc@urx=\dimen162
\tc@ury=\dimen163
Package trimclip Info: Using driver 'tc-pdftex.def'.

("C:\Program Files\MiKTeX 2.9\tex\latex\adjustbox\tc-pdftex.def"
File: tc-pdftex.def 2018/04/08 v2.1 Clipping driver for pdftex
))
\adjbox@Width=\dimen164
\adjbox@Height=\dimen165
\adjbox@Depth=\dimen166
\adjbox@Totalheight=\dimen167
\adjbox@pwidth=\dimen168
\adjbox@pheight=\dimen169
\adjbox@pdepth=\dimen170
\adjbox@ptotalheight=\dimen171

("C:\Program Files\MiKTeX 2.9\tex\latex\ifoddpage\ifoddpage.sty"
Package: ifoddpage 2016/04/23 v1.1 Conditionals for odd/even page detection
\c@checkoddpage=\count273
)
("C:\Program Files\MiKTeX 2.9\tex\latex\ltxmisc\varwidth.sty"
Package: varwidth 2009/03/30 ver 0.92;  Variable-width minipages
\@vwid@box=\box51
\sift@deathcycles=\count274
\@vwid@loff=\dimen172
\@vwid@roff=\dimen173
))
("C:\Program Files\MiKTeX 2.9\tex\latex\listings\listings.sty"
\lst@mode=\count275
\lst@gtempboxa=\box52
\lst@token=\toks23
\lst@length=\count276
\lst@currlwidth=\dimen174
\lst@column=\count277
\lst@pos=\count278
\lst@lostspace=\dimen175
\lst@width=\dimen176
\lst@newlines=\count279
\lst@lineno=\count280
\lst@maxwidth=\dimen177

("C:\Program Files\MiKTeX 2.9\tex\latex\listings\lstmisc.sty"
File: lstmisc.sty 2015/06/04 1.6 (Carsten Heinz)
\c@lstnumber=\count281
\lst@skipnumbers=\count282
\lst@framebox=\box53
)
("C:\Program Files\MiKTeX 2.9\tex\latex\listings\listings.cfg"
File: listings.cfg 2015/06/04 1.6 listings configuration
))
Package: listings 2015/06/04 1.6 (Carsten Heinz)

("C:\Program Files\MiKTeX 2.9\tex\latex\matlab-prettifier\matlab-prettifier.sty
"
Package: matlab-prettifier 2014/06/19 v0.3 A package for prettyprinting Matlab 
source code
 ("C:\Program Files\MiKTeX 2.9\tex\latex\base\textcomp.sty"
Package: textcomp 2017/04/05 v2.0i Standard LaTeX package
Package textcomp Info: Sub-encoding information:
(textcomp)               5 = only ISO-Adobe without \textcurrency
(textcomp)               4 = 5 + \texteuro
(textcomp)               3 = 4 + \textohm
(textcomp)               2 = 3 + \textestimated + \textcurrency
(textcomp)               1 = TS1 - \textcircled - \t
(textcomp)               0 = TS1 (full)
(textcomp)             Font families with sub-encoding setting implement
(textcomp)             only a restricted character set as indicated.
(textcomp)             Family '?' is the default used for unknown fonts.
(textcomp)             See the documentation for details.
Package textcomp Info: Setting ? sub-encoding to TS1/1 on input line 79.

("C:\Program Files\MiKTeX 2.9\tex\latex\base\ts1enc.def"
File: ts1enc.def 2001/06/05 v3.0e (jk/car/fm) Standard LaTeX file
)
LaTeX Info: Redefining \oldstylenums on input line 334.
Package textcomp Info: Setting cmr sub-encoding to TS1/0 on input line 349.
Package textcomp Info: Setting cmss sub-encoding to TS1/0 on input line 350.
Package textcomp Info: Setting cmtt sub-encoding to TS1/0 on input line 351.
Package textcomp Info: Setting cmvtt sub-encoding to TS1/0 on input line 352.
Package textcomp Info: Setting cmbr sub-encoding to TS1/0 on input line 353.
Package textcomp Info: Setting cmtl sub-encoding to TS1/0 on input line 354.
Package textcomp Info: Setting ccr sub-encoding to TS1/0 on input line 355.
Package textcomp Info: Setting ptm sub-encoding to TS1/4 on input line 356.
Package textcomp Info: Setting pcr sub-encoding to TS1/4 on input line 357.
Package textcomp Info: Setting phv sub-encoding to TS1/4 on input line 358.
Package textcomp Info: Setting ppl sub-encoding to TS1/3 on input line 359.
Package textcomp Info: Setting pag sub-encoding to TS1/4 on input line 360.
Package textcomp Info: Setting pbk sub-encoding to TS1/4 on input line 361.
Package textcomp Info: Setting pnc sub-encoding to TS1/4 on input line 362.
Package textcomp Info: Setting pzc sub-encoding to TS1/4 on input line 363.
Package textcomp Info: Setting bch sub-encoding to TS1/4 on input line 364.
Package textcomp Info: Setting put sub-encoding to TS1/5 on input line 365.
Package textcomp Info: Setting uag sub-encoding to TS1/5 on input line 366.
Package textcomp Info: Setting ugq sub-encoding to TS1/5 on input line 367.
Package textcomp Info: Setting ul8 sub-encoding to TS1/4 on input line 368.
Package textcomp Info: Setting ul9 sub-encoding to TS1/4 on input line 369.
Package textcomp Info: Setting augie sub-encoding to TS1/5 on input line 370.
Package textcomp Info: Setting dayrom sub-encoding to TS1/3 on input line 371.
Package textcomp Info: Setting dayroms sub-encoding to TS1/3 on input line 372.

Package textcomp Info: Setting pxr sub-encoding to TS1/0 on input line 373.
Package textcomp Info: Setting pxss sub-encoding to TS1/0 on input line 374.
Package textcomp Info: Setting pxtt sub-encoding to TS1/0 on input line 375.
Package textcomp Info: Setting txr sub-encoding to TS1/0 on input line 376.
Package textcomp Info: Setting txss sub-encoding to TS1/0 on input line 377.
Package textcomp Info: Setting txtt sub-encoding to TS1/0 on input line 378.
Package textcomp Info: Setting lmr sub-encoding to TS1/0 on input line 379.
Package textcomp Info: Setting lmdh sub-encoding to TS1/0 on input line 380.
Package textcomp Info: Setting lmss sub-encoding to TS1/0 on input line 381.
Package textcomp Info: Setting lmssq sub-encoding to TS1/0 on input line 382.
Package textcomp Info: Setting lmvtt sub-encoding to TS1/0 on input line 383.
Package textcomp Info: Setting lmtt sub-encoding to TS1/0 on input line 384.
Package textcomp Info: Setting qhv sub-encoding to TS1/0 on input line 385.
Package textcomp Info: Setting qag sub-encoding to TS1/0 on input line 386.
Package textcomp Info: Setting qbk sub-encoding to TS1/0 on input line 387.
Package textcomp Info: Setting qcr sub-encoding to TS1/0 on input line 388.
Package textcomp Info: Setting qcs sub-encoding to TS1/0 on input line 389.
Package textcomp Info: Setting qpl sub-encoding to TS1/0 on input line 390.
Package textcomp Info: Setting qtm sub-encoding to TS1/0 on input line 391.
Package textcomp Info: Setting qzc sub-encoding to TS1/0 on input line 392.
Package textcomp Info: Setting qhvc sub-encoding to TS1/0 on input line 393.
Package textcomp Info: Setting futs sub-encoding to TS1/4 on input line 394.
Package textcomp Info: Setting futx sub-encoding to TS1/4 on input line 395.
Package textcomp Info: Setting futj sub-encoding to TS1/4 on input line 396.
Package textcomp Info: Setting hlh sub-encoding to TS1/3 on input line 397.
Package textcomp Info: Setting hls sub-encoding to TS1/3 on input line 398.
Package textcomp Info: Setting hlst sub-encoding to TS1/3 on input line 399.
Package textcomp Info: Setting hlct sub-encoding to TS1/5 on input line 400.
Package textcomp Info: Setting hlx sub-encoding to TS1/5 on input line 401.
Package textcomp Info: Setting hlce sub-encoding to TS1/5 on input line 402.
Package textcomp Info: Setting hlcn sub-encoding to TS1/5 on input line 403.
Package textcomp Info: Setting hlcw sub-encoding to TS1/5 on input line 404.
Package textcomp Info: Setting hlcf sub-encoding to TS1/5 on input line 405.
Package textcomp Info: Setting pplx sub-encoding to TS1/3 on input line 406.
Package textcomp Info: Setting pplj sub-encoding to TS1/3 on input line 407.
Package textcomp Info: Setting ptmx sub-encoding to TS1/4 on input line 408.
Package textcomp Info: Setting ptmj sub-encoding to TS1/4 on input line 409.
)
("C:\Program Files\MiKTeX 2.9\tex\latex\xcolor\xcolor.sty"
Package: xcolor 2016/05/11 v2.12 LaTeX color extensions (UK)

("C:\Program Files\MiKTeX 2.9\tex\latex\graphics-cfg\color.cfg"
File: color.cfg 2016/01/02 v1.6 sample color configuration
)
Package xcolor Info: Driver file: pdftex.def on input line 225.
Package xcolor Info: Model `cmy' substituted by `cmy0' on input line 1348.
Package xcolor Info: Model `hsb' substituted by `rgb' on input line 1352.
Package xcolor Info: Model `RGB' extended on input line 1364.
Package xcolor Info: Model `HTML' substituted by `rgb' on input line 1366.
Package xcolor Info: Model `Hsb' substituted by `hsb' on input line 1367.
Package xcolor Info: Model `tHsb' substituted by `hsb' on input line 1368.
Package xcolor Info: Model `HSB' substituted by `hsb' on input line 1369.
Package xcolor Info: Model `Gray' substituted by `gray' on input line 1370.
Package xcolor Info: Model `wave' substituted by `hsb' on input line 1371.
)
\netBracketCount@mlpr=\count283
\blkLvl@mlpr=\count284
\blkLvlAtClassdef@mlpr=\count285
\emHeight@mlpr=\skip67
\jayDepth@mlpr=\skip68
\sectionRuleOffset@mlpr=\skip69
\toks@mlpr=\toks24
)
("C:\Program Files\MiKTeX 2.9\tex\latex\float\float.sty"
Package: float 2001/11/08 v1.3d Float enhancements (AL)
\c@float@type=\count286
\float@exts=\toks25
\float@box=\box54
\@float@everytoks=\toks26
\@floatcapt=\box55
)
("C:\Program Files\MiKTeX 2.9\tex\latex\tcolorbox\tcolorbox.sty"
Package: tcolorbox 2018/03/22 version 4.13 text color boxes

("C:\Program Files\MiKTeX 2.9\tex\latex\pgf\basiclayer\pgf.sty"
("C:\Program Files\MiKTeX 2.9\tex\latex\pgf\utilities\pgfrcs.sty"
("C:\Program Files\MiKTeX 2.9\tex\generic\pgf\utilities\pgfutil-common.tex"
\pgfutil@everybye=\toks27
\pgfutil@tempdima=\dimen178
\pgfutil@tempdimb=\dimen179

("C:\Program Files\MiKTeX 2.9\tex\generic\pgf\utilities\pgfutil-common-lists.te
x")) ("C:\Program Files\MiKTeX 2.9\tex\generic\pgf\utilities\pgfutil-latex.def"
\pgfutil@abb=\box56
("C:\Program Files\MiKTeX 2.9\tex\latex\ms\everyshi.sty"
Package: everyshi 2001/05/15 v3.00 EveryShipout Package (MS)
))
("C:\Program Files\MiKTeX 2.9\tex\generic\pgf\utilities\pgfrcs.code.tex"
Package: pgfrcs 2015/08/07 v3.0.1a (rcs-revision 1.31)
))
Package: pgf 2015/08/07 v3.0.1a (rcs-revision 1.15)

("C:\Program Files\MiKTeX 2.9\tex\latex\pgf\basiclayer\pgfcore.sty"
("C:\Program Files\MiKTeX 2.9\tex\latex\pgf\systemlayer\pgfsys.sty"
("C:\Program Files\MiKTeX 2.9\tex\generic\pgf\systemlayer\pgfsys.code.tex"
Package: pgfsys 2014/07/09 v3.0.1a (rcs-revision 1.48)

("C:\Program Files\MiKTeX 2.9\tex\generic\pgf\utilities\pgfkeys.code.tex"
\pgfkeys@pathtoks=\toks28
\pgfkeys@temptoks=\toks29

("C:\Program Files\MiKTeX 2.9\tex\generic\pgf\utilities\pgfkeysfiltered.code.te
x"
\pgfkeys@tmptoks=\toks30
))
\pgf@x=\dimen180
\pgf@y=\dimen181
\pgf@xa=\dimen182
\pgf@ya=\dimen183
\pgf@xb=\dimen184
\pgf@yb=\dimen185
\pgf@xc=\dimen186
\pgf@yc=\dimen187
\w@pgf@writea=\write3
\r@pgf@reada=\read2
\c@pgf@counta=\count287
\c@pgf@countb=\count288
\c@pgf@countc=\count289
\c@pgf@countd=\count290
\t@pgf@toka=\toks31
\t@pgf@tokb=\toks32
\t@pgf@tokc=\toks33
 ("C:\Program Files\MiKTeX 2.9\tex\generic\pgf\systemlayer\pgf.cfg"
File: pgf.cfg 2008/05/14  (rcs-revision 1.7)
)
Driver file for pgf: pgfsys-pdftex.def

("C:\Program Files\MiKTeX 2.9\tex\generic\pgf\systemlayer\pgfsys-pdftex.def"
File: pgfsys-pdftex.def 2014/10/11  (rcs-revision 1.35)

("C:\Program Files\MiKTeX 2.9\tex\generic\pgf\systemlayer\pgfsys-common-pdf.def
"
File: pgfsys-common-pdf.def 2013/10/10  (rcs-revision 1.13)
)))
("C:\Program Files\MiKTeX 2.9\tex\generic\pgf\systemlayer\pgfsyssoftpath.code.t
ex"
File: pgfsyssoftpath.code.tex 2013/09/09  (rcs-revision 1.9)
\pgfsyssoftpath@smallbuffer@items=\count291
\pgfsyssoftpath@bigbuffer@items=\count292
)
("C:\Program Files\MiKTeX 2.9\tex\generic\pgf\systemlayer\pgfsysprotocol.code.t
ex"
File: pgfsysprotocol.code.tex 2006/10/16  (rcs-revision 1.4)
)) ("C:\Program Files\MiKTeX 2.9\tex\generic\pgf\basiclayer\pgfcore.code.tex"
Package: pgfcore 2010/04/11 v3.0.1a (rcs-revision 1.7)
 ("C:\Program Files\MiKTeX 2.9\tex\generic\pgf\math\pgfmath.code.tex"
("C:\Program Files\MiKTeX 2.9\tex\generic\pgf\math\pgfmathcalc.code.tex"
("C:\Program Files\MiKTeX 2.9\tex\generic\pgf\math\pgfmathutil.code.tex")
("C:\Program Files\MiKTeX 2.9\tex\generic\pgf\math\pgfmathparser.code.tex"
\pgfmath@dimen=\dimen188
\pgfmath@count=\count293
\pgfmath@box=\box57
\pgfmath@toks=\toks34
\pgfmath@stack@operand=\toks35
\pgfmath@stack@operation=\toks36
)
("C:\Program Files\MiKTeX 2.9\tex\generic\pgf\math\pgfmathfunctions.code.tex"
("C:\Program Files\MiKTeX 2.9\tex\generic\pgf\math\pgfmathfunctions.basic.code.
tex")
("C:\Program Files\MiKTeX 2.9\tex\generic\pgf\math\pgfmathfunctions.trigonometr
ic.code.tex")
("C:\Program Files\MiKTeX 2.9\tex\generic\pgf\math\pgfmathfunctions.random.code
.tex")
("C:\Program Files\MiKTeX 2.9\tex\generic\pgf\math\pgfmathfunctions.comparison.
code.tex")
("C:\Program Files\MiKTeX 2.9\tex\generic\pgf\math\pgfmathfunctions.base.code.t
ex")
("C:\Program Files\MiKTeX 2.9\tex\generic\pgf\math\pgfmathfunctions.round.code.
tex")
("C:\Program Files\MiKTeX 2.9\tex\generic\pgf\math\pgfmathfunctions.misc.code.t
ex")
("C:\Program Files\MiKTeX 2.9\tex\generic\pgf\math\pgfmathfunctions.integerarit
hmetics.code.tex")))
("C:\Program Files\MiKTeX 2.9\tex\generic\pgf\math\pgfmathfloat.code.tex"
\c@pgfmathroundto@lastzeros=\count294
))
("C:\Program Files\MiKTeX 2.9\tex\generic\pgf\basiclayer\pgfcorepoints.code.tex
"
File: pgfcorepoints.code.tex 2013/10/07  (rcs-revision 1.27)
\pgf@picminx=\dimen189
\pgf@picmaxx=\dimen190
\pgf@picminy=\dimen191
\pgf@picmaxy=\dimen192
\pgf@pathminx=\dimen193
\pgf@pathmaxx=\dimen194
\pgf@pathminy=\dimen195
\pgf@pathmaxy=\dimen196
\pgf@xx=\dimen197
\pgf@xy=\dimen198
\pgf@yx=\dimen199
\pgf@yy=\dimen256
\pgf@zx=\dimen257
\pgf@zy=\dimen258
)
("C:\Program Files\MiKTeX 2.9\tex\generic\pgf\basiclayer\pgfcorepathconstruct.c
ode.tex"
File: pgfcorepathconstruct.code.tex 2013/10/07  (rcs-revision 1.29)
\pgf@path@lastx=\dimen259
\pgf@path@lasty=\dimen260
)
("C:\Program Files\MiKTeX 2.9\tex\generic\pgf\basiclayer\pgfcorepathusage.code.
tex"
File: pgfcorepathusage.code.tex 2014/11/02  (rcs-revision 1.24)
\pgf@shorten@end@additional=\dimen261
\pgf@shorten@start@additional=\dimen262
)
("C:\Program Files\MiKTeX 2.9\tex\generic\pgf\basiclayer\pgfcorescopes.code.tex
"
File: pgfcorescopes.code.tex 2015/05/08  (rcs-revision 1.46)
\pgfpic=\box58
\pgf@hbox=\box59
\pgf@layerbox@main=\box60
\pgf@picture@serial@count=\count295
)
("C:\Program Files\MiKTeX 2.9\tex\generic\pgf\basiclayer\pgfcoregraphicstate.co
de.tex"
File: pgfcoregraphicstate.code.tex 2014/11/02  (rcs-revision 1.12)
\pgflinewidth=\dimen263
)
("C:\Program Files\MiKTeX 2.9\tex\generic\pgf\basiclayer\pgfcoretransformations
.code.tex"
File: pgfcoretransformations.code.tex 2015/08/07  (rcs-revision 1.20)
\pgf@pt@x=\dimen264
\pgf@pt@y=\dimen265
\pgf@pt@temp=\dimen266
)
("C:\Program Files\MiKTeX 2.9\tex\generic\pgf\basiclayer\pgfcorequick.code.tex"
File: pgfcorequick.code.tex 2008/10/09  (rcs-revision 1.3)
)
("C:\Program Files\MiKTeX 2.9\tex\generic\pgf\basiclayer\pgfcoreobjects.code.te
x"
File: pgfcoreobjects.code.tex 2006/10/11  (rcs-revision 1.2)
)
("C:\Program Files\MiKTeX 2.9\tex\generic\pgf\basiclayer\pgfcorepathprocessing.
code.tex"
File: pgfcorepathprocessing.code.tex 2013/09/09  (rcs-revision 1.9)
)
("C:\Program Files\MiKTeX 2.9\tex\generic\pgf\basiclayer\pgfcorearrows.code.tex
"
File: pgfcorearrows.code.tex 2015/05/14  (rcs-revision 1.43)
\pgfarrowsep=\dimen267
)
("C:\Program Files\MiKTeX 2.9\tex\generic\pgf\basiclayer\pgfcoreshade.code.tex"
File: pgfcoreshade.code.tex 2013/07/15  (rcs-revision 1.15)
\pgf@max=\dimen268
\pgf@sys@shading@range@num=\count296
) ("C:\Program Files\MiKTeX 2.9\tex\generic\pgf\basiclayer\pgfcoreimage.code.te
x"
File: pgfcoreimage.code.tex 2013/07/15  (rcs-revision 1.18)

("C:\Program Files\MiKTeX 2.9\tex\generic\pgf\basiclayer\pgfcoreexternal.code.t
ex"
File: pgfcoreexternal.code.tex 2014/07/09  (rcs-revision 1.21)
\pgfexternal@startupbox=\box61
))
("C:\Program Files\MiKTeX 2.9\tex\generic\pgf\basiclayer\pgfcorelayers.code.tex
"
File: pgfcorelayers.code.tex 2013/07/18  (rcs-revision 1.7)
)
("C:\Program Files\MiKTeX 2.9\tex\generic\pgf\basiclayer\pgfcoretransparency.co
de.tex"
File: pgfcoretransparency.code.tex 2013/09/30  (rcs-revision 1.5)
)
("C:\Program Files\MiKTeX 2.9\tex\generic\pgf\basiclayer\pgfcorepatterns.code.t
ex"
File: pgfcorepatterns.code.tex 2013/11/07  (rcs-revision 1.5)
)))
("C:\Program Files\MiKTeX 2.9\tex\generic\pgf\modules\pgfmoduleshapes.code.tex"
File: pgfmoduleshapes.code.tex 2014/03/21  (rcs-revision 1.35)
\pgfnodeparttextbox=\box62
) ("C:\Program Files\MiKTeX 2.9\tex\generic\pgf\modules\pgfmoduleplot.code.tex"
File: pgfmoduleplot.code.tex 2015/08/03  (rcs-revision 1.13)
)
("C:\Program Files\MiKTeX 2.9\tex\latex\pgf\compatibility\pgfcomp-version-0-65.
sty"
Package: pgfcomp-version-0-65 2007/07/03 v3.0.1a (rcs-revision 1.7)
\pgf@nodesepstart=\dimen269
\pgf@nodesepend=\dimen270
)
("C:\Program Files\MiKTeX 2.9\tex\latex\pgf\compatibility\pgfcomp-version-1-18.
sty"
Package: pgfcomp-version-1-18 2007/07/23 v3.0.1a (rcs-revision 1.1)
)) ("C:\Program Files\MiKTeX 2.9\tex\latex\tools\verbatim.sty"
Package: verbatim 2014/10/28 v1.5q LaTeX2e package for verbatim enhancements
\every@verbatim=\toks37
\verbatim@line=\toks38
\verbatim@in@stream=\read3
)
("C:\Program Files\MiKTeX 2.9\tex\latex\environ\environ.sty"
Package: environ 2014/05/04 v0.3 A new way to define environments

("C:\Program Files\MiKTeX 2.9\tex\latex\trimspaces\trimspaces.sty"
Package: trimspaces 2009/09/17 v1.1 Trim spaces around a token list
))
("C:\Program Files\MiKTeX 2.9\tex\latex\etoolbox\etoolbox.sty"
Package: etoolbox 2018/02/11 v2.5e e-TeX tools for LaTeX (JAW)
\etb@tempcnta=\count297
)
\tcb@titlebox=\box63
\tcb@upperbox=\box64
\tcb@lowerbox=\box65
\tcb@phantombox=\box66
\c@tcbbreakpart=\count298
\c@tcblayer=\count299
\tcolorbox@number=\count300
\tcb@temp=\box67
\tcb@temp=\box68
\tcb@temp=\box69
\tcb@temp=\box70
\tcb@out=\write4
\tcb@record@out=\write5

("C:\Program Files\MiKTeX 2.9\tex\latex\tcolorbox\tcbraster.code.tex"
Library (tcolorbox): 'tcbraster.code.tex' version '4.13'
\c@tcbrastercolumn=\count301
\c@tcbrasterrow=\count302
\c@tcbraster=\count303
) ("C:\Program Files\MiKTeX 2.9\tex\latex\tcolorbox\tcbskins.code.tex"
Library (tcolorbox): 'tcbskins.code.tex' version '4.13'
("C:\Program Files\MiKTeX 2.9\tex\latex\pgf\frontendlayer\tikz.sty"
("C:\Program Files\MiKTeX 2.9\tex\latex\pgf\utilities\pgffor.sty"
("C:\Program Files\MiKTeX 2.9\tex\latex\pgf\utilities\pgfkeys.sty"
("C:\Program Files\MiKTeX 2.9\tex\generic\pgf\utilities\pgfkeys.code.tex"))
("C:\Program Files\MiKTeX 2.9\tex\latex\pgf\math\pgfmath.sty"
("C:\Program Files\MiKTeX 2.9\tex\generic\pgf\math\pgfmath.code.tex"))
("C:\Program Files\MiKTeX 2.9\tex\generic\pgf\utilities\pgffor.code.tex"
Package: pgffor 2013/12/13 v3.0.1a (rcs-revision 1.25)

("C:\Program Files\MiKTeX 2.9\tex\generic\pgf\math\pgfmath.code.tex")
\pgffor@iter=\dimen271
\pgffor@skip=\dimen272
\pgffor@stack=\toks39
\pgffor@toks=\toks40
))
("C:\Program Files\MiKTeX 2.9\tex\generic\pgf\frontendlayer\tikz\tikz.code.tex"
Package: tikz 2015/08/07 v3.0.1a (rcs-revision 1.151)

("C:\Program Files\MiKTeX 2.9\tex\generic\pgf\libraries\pgflibraryplothandlers.
code.tex"
File: pgflibraryplothandlers.code.tex 2013/08/31 v3.0.1a (rcs-revision 1.20)
\pgf@plot@mark@count=\count304
\pgfplotmarksize=\dimen273
)
\tikz@lastx=\dimen274
\tikz@lasty=\dimen275
\tikz@lastxsaved=\dimen276
\tikz@lastysaved=\dimen277
\tikzleveldistance=\dimen278
\tikzsiblingdistance=\dimen279
\tikz@figbox=\box71
\tikz@figbox@bg=\box72
\tikz@tempbox=\box73
\tikz@tempbox@bg=\box74
\tikztreelevel=\count305
\tikznumberofchildren=\count306
\tikznumberofcurrentchild=\count307
\tikz@fig@count=\count308

("C:\Program Files\MiKTeX 2.9\tex\generic\pgf\modules\pgfmodulematrix.code.tex"
File: pgfmodulematrix.code.tex 2013/09/17  (rcs-revision 1.8)
\pgfmatrixcurrentrow=\count309
\pgfmatrixcurrentcolumn=\count310
\pgf@matrix@numberofcolumns=\count311
)
\tikz@expandcount=\count312

("C:\Program Files\MiKTeX 2.9\tex\generic\pgf\frontendlayer\tikz\libraries\tikz
librarytopaths.code.tex"
File: tikzlibrarytopaths.code.tex 2008/06/17 v3.0.1a (rcs-revision 1.2)
)))
\tcb@waterbox=\box75

("C:\Program Files\MiKTeX 2.9\tex\latex\tcolorbox\tcbskinsjigsaw.code.tex"
Library (tcolorbox): 'tcbskinsjigsaw.code.tex' version '4.13'
)) ("C:\Program Files\MiKTeX 2.9\tex\latex\tcolorbox\tcbbreakable.code.tex"
Library (tcolorbox): 'tcbbreakable.code.tex' version '4.13'
\tcb@testbox=\box76
\tcb@totalupperbox=\box77
\tcb@totallowerbox=\box78
) ("C:\Program Files\MiKTeX 2.9\tex\latex\tcolorbox\tcbhooks.code.tex"
Library (tcolorbox): 'tcbhooks.code.tex' version '4.13'
) ("C:\Program Files\MiKTeX 2.9\tex\latex\tcolorbox\tcbtheorems.code.tex"
Library (tcolorbox): 'tcbtheorems.code.tex' version '4.13'
) ("C:\Program Files\MiKTeX 2.9\tex\latex\tcolorbox\tcbfitting.code.tex"
Library (tcolorbox): 'tcbfitting.code.tex' version '4.13'
\tcbfitdim=\dimen280
\tcb@lowerfitdim=\dimen281
\tcb@upperfitdim=\dimen282
\tcb@cur@hbadness=\count313
) ("C:\Program Files\MiKTeX 2.9\tex\latex\tcolorbox\tcbxparse.code.tex"
Library (tcolorbox): 'tcbxparse.code.tex' version '4.13'
.................................................
. LaTeX info: "xparse/define-command"
. 
. Defining command \tcboxverb with sig. ' O{} v ' on line 128.
.................................................
.................................................
. LaTeX info: "xparse/define-command"
. 
. Defining command \tcbsidebyside with sig. ' +O{} +m +m ' on line 280.
.................................................
) ("C:\Program Files\MiKTeX 2.9\tex\latex\tcolorbox\tcblistingsutf8.code.tex"
Library (tcolorbox): 'tcblistingsutf8.code.tex' version '4.13'
("C:\Program Files\MiKTeX 2.9\tex\latex\oberdiek\listingsutf8.sty"
Package: listingsutf8 2016/05/16 v1.3 Allow UTF-8 in listings input (HO)

("C:\Program Files\MiKTeX 2.9\tex\generic\oberdiek\pdftexcmds.sty"
Package: pdftexcmds 2018/01/21 v0.26 Utility functions of pdfTeX for LuaTeX (HO
)

("C:\Program Files\MiKTeX 2.9\tex\generic\oberdiek\infwarerr.sty"
Package: infwarerr 2016/05/16 v1.4 Providing info/warning/error messages (HO)
)
("C:\Program Files\MiKTeX 2.9\tex\generic\oberdiek\ifluatex.sty"
Package: ifluatex 2016/05/16 v1.4 Provides the ifluatex switch (HO)
Package ifluatex Info: LuaTeX not detected.
)
("C:\Program Files\MiKTeX 2.9\tex\generic\oberdiek\ltxcmds.sty"
Package: ltxcmds 2016/05/16 v1.23 LaTeX kernel commands for general use (HO)
)
("C:\Program Files\MiKTeX 2.9\tex\generic\oberdiek\ifpdf.sty"
Package: ifpdf 2017/03/15 v3.2 Provides the ifpdf switch
)
Package pdftexcmds Info: LuaTeX not detected.
Package pdftexcmds Info: \pdf@primitive is available.
Package pdftexcmds Info: \pdf@ifprimitive is available.
Package pdftexcmds Info: \pdfdraftmode found.
)
("C:\Program Files\MiKTeX 2.9\tex\generic\oberdiek\stringenc.sty"
Package: stringenc 2016/05/16 v1.11 Convert strings between diff. encodings (HO
)

("C:\Program Files\MiKTeX 2.9\tex\generic\oberdiek\pdfescape.sty"
Package: pdfescape 2016/05/16 v1.14 Implements pdfTeX's escape features (HO)
)))
("C:\Program Files\MiKTeX 2.9\tex\latex\tcolorbox\tcblistings.code.tex"
Library (tcolorbox): 'tcblistings.code.tex' version '4.13'
("C:\Program Files\MiKTeX 2.9\tex\latex\tcolorbox\tcblistingscore.code.tex"
Library (tcolorbox): 'tcblistingscore.code.tex' version '4.13'
("C:\Program Files\MiKTeX 2.9\tex\latex\tcolorbox\tcbprocessing.code.tex"
Library (tcolorbox): 'tcbprocessing.code.tex' version '4.13'
("C:\Program Files\MiKTeX 2.9\tex\latex\tools\shellesc.sty"
Package: shellesc 2016/06/07 v0.02a unified shell escape interface for LaTeX
Package shellesc Info: Restricted shell escape enabled on input line 69.
))
\c@tcblisting=\count314
)))
("C:\Program Files\MiKTeX 2.9\tex\latex\tcolorbox\tcbexternal.code.tex"
Library (tcolorbox): 'tcbexternal.code.tex' version '4.13'
) ("C:\Program Files\MiKTeX 2.9\tex\latex\tcolorbox\tcbmagazine.code.tex"
Library (tcolorbox): 'tcbmagazine.code.tex' version '4.13'
) ("C:\Program Files\MiKTeX 2.9\tex\latex\tcolorbox\tcbvignette.code.tex"
Library (tcolorbox): 'tcbvignette.code.tex' version '4.13'

("C:\Program Files\MiKTeX 2.9\tex\generic\pgf\frontendlayer\tikz\libraries\tikz
libraryfadings.code.tex"
File: tikzlibraryfadings.code.tex 2009/11/15 v3.0.1a (rcs-revision 1.2)

("C:\Program Files\MiKTeX 2.9\tex\generic\pgf\libraries\pgflibraryfadings.code.
tex"
File: pgflibraryfadings.code.tex 2008/02/07 v3.0.1a (rcs-revision 1.3)
))) ("C:\Program Files\MiKTeX 2.9\tex\latex\tcolorbox\tcbposter.code.tex"
Library (tcolorbox): 'tcbposter.code.tex' version '4.13'
)) ("C:\Program Files\MiKTeX 2.9\tex\latex\amsfonts\amsfonts.sty"
Package: amsfonts 2013/01/14 v3.01 Basic AMSFonts support
\symAMSa=\mathgroup4
\symAMSb=\mathgroup5
LaTeX Font Info:    Overwriting math alphabet `\mathfrak' in version `bold'
(Font)                  U/euf/m/n --> U/euf/b/n on input line 106.
)
("C:\Program Files\MiKTeX 2.9\tex\latex\physics\physics.sty"
Package: physics 
.................................................
. LaTeX info: "xparse/define-command"
. 
. Defining command \vnabla with sig. '' on line 25.
.................................................
.................................................
. LaTeX info: "xparse/define-command"
. 
. Defining command \varE with sig. '' on line 29.
.................................................
.................................................
. LaTeX info: "xparse/define-command"
. 
. Defining command \ordersymbol with sig. '' on line 30.
.................................................
.................................................
. LaTeX info: "xparse/define-command"
. 
. Defining command \lparen with sig. '' on line 31.
.................................................
.................................................
. LaTeX info: "xparse/define-command"
. 
. Defining command \rparen with sig. '' on line 32.
.................................................
.................................................
. LaTeX info: "xparse/define-command"
. 
. Defining command \quantity with sig. '' on line 35.
.................................................
.................................................
. LaTeX info: "xparse/define-command"
. 
. Defining command \@quantity with sig. ' t\big t\Big t\bigg t\Bigg g o d()
. d|| ' on line 62.
.................................................

*************************************************
* LaTeX warning: "xparse/not-single-char"
* 
* Argument delimiter '\big ' for the command '\@quantity' should be a single
* character.
*************************************************
*************************************************
* LaTeX warning: "xparse/not-single-char"
* 
* Argument delimiter '\Big ' for the command '\@quantity' should be a single
* character.
*************************************************
*************************************************
* LaTeX warning: "xparse/not-single-char"
* 
* Argument delimiter '\bigg ' for the command '\@quantity' should be a single
* character.
*************************************************
*************************************************
* LaTeX warning: "xparse/not-single-char"
* 
* Argument delimiter '\Bigg ' for the command '\@quantity' should be a single
* character.
*************************************************
.................................................
. LaTeX info: "xparse/define-command"
. 
. Defining command \qty with sig. '' on line 63.
.................................................
.................................................
. LaTeX info: "xparse/define-command"
. 
. Defining command \pqty with sig. ' l m ' on line 64.
.................................................
.................................................
. LaTeX info: "xparse/define-command"
. 
. Defining command \bqty with sig. ' l m ' on line 65.
.................................................
.................................................
. LaTeX info: "xparse/define-command"
. 
. Defining command \Bqty with sig. ' l m ' on line 66.
.................................................
.................................................
. LaTeX info: "xparse/define-command"
. 
. Defining command \vqty with sig. ' l m ' on line 67.
.................................................
.................................................
. LaTeX info: "xparse/define-command"
. 
. Defining command \pmqty with sig. 'm' on line 70.
.................................................
.................................................
. LaTeX info: "xparse/define-command"
. 
. Defining command \Pmqty with sig. 'm' on line 71.
.................................................
.................................................
. LaTeX info: "xparse/define-command"
. 
. Defining command \bmqty with sig. 'm' on line 72.
.................................................
.................................................
. LaTeX info: "xparse/define-command"
. 
. Defining command \vmqty with sig. 'm' on line 73.
.................................................
.................................................
. LaTeX info: "xparse/define-command"
. 
. Defining command \matrixquantity with sig. '' on line 74.
.................................................
.................................................
. LaTeX info: "xparse/define-command"
. 
. Defining command \@matrixquantity with sig. ' s g o d() d|| ' on line 100.
.................................................
.................................................
. LaTeX info: "xparse/define-command"
. 
. Defining command \mqty with sig. '' on line 101.
.................................................
.................................................
. LaTeX info: "xparse/define-command"
. 
. Defining command \matrixdeterminant with sig. 'm' on line 102.
.................................................
.................................................
. LaTeX info: "xparse/define-command"
. 
. Defining command \mdet with sig. '' on line 103.
.................................................
.................................................
. LaTeX info: "xparse/define-command"
. 
. Defining command \spmqty with sig. 'm' on line 105.
.................................................
.................................................
. LaTeX info: "xparse/define-command"
. 
. Defining command \sPmqty with sig. 'm' on line 106.
.................................................
.................................................
. LaTeX info: "xparse/define-command"
. 
. Defining command \sbmqty with sig. 'm' on line 107.
.................................................
.................................................
. LaTeX info: "xparse/define-command"
. 
. Defining command \svmqty with sig. 'm' on line 108.
.................................................
.................................................
. LaTeX info: "xparse/define-command"
. 
. Defining command \smallmatrixquantity with sig. ' s g o d() d|| ' on line
. 133.
.................................................
.................................................
. LaTeX info: "xparse/define-command"
. 
. Defining command \smqty with sig. '' on line 134.
.................................................
.................................................
. LaTeX info: "xparse/define-command"
. 
. Defining command \smallmatrixdeterminant with sig. 'm' on line 135.
.................................................
.................................................
. LaTeX info: "xparse/define-command"
. 
. Defining command \smdet with sig. '' on line 136.
.................................................
.................................................
. LaTeX info: "xparse/define-command"
. 
. Defining command \argopen with sig. 's' on line 138.
.................................................
.................................................
. LaTeX info: "xparse/define-command"
. 
. Defining command \argclose with sig. 's' on line 139.
.................................................
.................................................
. LaTeX info: "xparse/define-command"
. 
. Defining command \braces with sig. '' on line 141.
.................................................
.................................................
. LaTeX info: "xparse/define-command"
. 
. Defining command \@braces with sig. ' s t\big t\Big t\bigg t\Bigg m m m ' on
. line 156.
.................................................
*************************************************
* LaTeX warning: "xparse/not-single-char"
* 
* Argument delimiter '\big ' for the command '\@braces' should be a single
* character.
*************************************************
*************************************************
* LaTeX warning: "xparse/not-single-char"
* 
* Argument delimiter '\Big ' for the command '\@braces' should be a single
* character.
*************************************************
*************************************************
* LaTeX warning: "xparse/not-single-char"
* 
* Argument delimiter '\bigg ' for the command '\@braces' should be a single
* character.
*************************************************
*************************************************
* LaTeX warning: "xparse/not-single-char"
* 
* Argument delimiter '\Bigg ' for the command '\@braces' should be a single
* character.
*************************************************
.................................................
. LaTeX info: "xparse/define-command"
. 
. Defining command \fbraces with sig. ' s t\big t\Big t\bigg t\Bigg m m m m '
. on line 174.
.................................................
*************************************************
* LaTeX warning: "xparse/not-single-char"
* 
* Argument delimiter '\big ' for the command '\fbraces' should be a single
* character.
*************************************************
*************************************************
* LaTeX warning: "xparse/not-single-char"
* 
* Argument delimiter '\Big ' for the command '\fbraces' should be a single
* character.
*************************************************
*************************************************
* LaTeX warning: "xparse/not-single-char"
* 
* Argument delimiter '\bigg ' for the command '\fbraces' should be a single
* character.
*************************************************
*************************************************
* LaTeX warning: "xparse/not-single-char"
* 
* Argument delimiter '\Bigg ' for the command '\fbraces' should be a single
* character.
*************************************************
.................................................
. LaTeX info: "xparse/define-command"
. 
. Defining command \absolutevalue with sig. ' l m ' on line 176.
.................................................
.................................................
. LaTeX info: "xparse/define-command"
. 
. Defining command \abs with sig. '' on line 177.
.................................................
.................................................
. LaTeX info: "xparse/define-command"
. 
. Defining command \norm with sig. ' l m ' on line 178.
.................................................
.................................................
. LaTeX info: "xparse/define-command"
. 
. Defining command \order with sig. ' l m ' on line 179.
.................................................
.................................................
. LaTeX info: "xparse/define-command"
. 
. Defining command \evaluated with sig. ' s g d[| d(| ' on line 194.
.................................................
.................................................
. LaTeX info: "xparse/define-command"
. 
. Defining command \eval with sig. '' on line 195.
.................................................
.................................................
. LaTeX info: "xparse/define-command"
. 
. Defining command \poissonbracket with sig. ' l m m ' on line 197.
.................................................
.................................................
. LaTeX info: "xparse/define-command"
. 
. Defining command \pb with sig. '' on line 198.
.................................................
.................................................
. LaTeX info: "xparse/define-command"
. 
. Defining command \commutator with sig. ' l m m ' on line 201.
.................................................
.................................................
. LaTeX info: "xparse/define-command"
. 
. Defining command \comm with sig. '' on line 202.
.................................................
.................................................
. LaTeX info: "xparse/define-command"
. 
. Defining command \anticommutator with sig. ' l m m ' on line 203.
.................................................
.................................................
. LaTeX info: "xparse/define-command"
. 
. Defining command \acommutator with sig. '' on line 204.
.................................................
.................................................
. LaTeX info: "xparse/define-command"
. 
. Defining command \acomm with sig. '' on line 205.
.................................................
.................................................
. LaTeX info: "xparse/define-command"
. 
. Defining command \vectorbold with sig. ' s m ' on line 208.
.................................................
.................................................
. LaTeX info: "xparse/define-command"
. 
. Defining command \vb with sig. '' on line 209.
.................................................
.................................................
. LaTeX info: "xparse/define-command"
. 
. Defining command \vectorarrow with sig. ' s m ' on line 211.
.................................................
.................................................
. LaTeX info: "xparse/define-command"
. 
. Defining command \va with sig. '' on line 212.
.................................................
.................................................
. LaTeX info: "xparse/define-command"
. 
. Defining command \vectorunit with sig. ' s m ' on line 214.
.................................................
.................................................
. LaTeX info: "xparse/define-command"
. 
. Defining command \vu with sig. '' on line 215.
.................................................
.................................................
. LaTeX info: "xparse/define-command"
. 
. Defining command \dotproduct with sig. '' on line 217.
.................................................
.................................................
. LaTeX info: "xparse/define-command"
. 
. Defining command \vdot with sig. '' on line 218.
.................................................
.................................................
. LaTeX info: "xparse/define-command"
. 
. Defining command \crossproduct with sig. '' on line 220.
.................................................
.................................................
. LaTeX info: "xparse/define-command"
. 
. Defining command \cross with sig. '' on line 221.
.................................................
.................................................
. LaTeX info: "xparse/define-command"
. 
. Defining command \cp with sig. '' on line 222.
.................................................
.................................................
. LaTeX info: "xparse/define-command"
. 
. Defining command \gradient with sig. ' g o d() ' on line 232.
.................................................
.................................................
. LaTeX info: "xparse/define-command"
. 
. Defining command \grad with sig. '' on line 233.
.................................................
.................................................
. LaTeX info: "xparse/define-command"
. 
. Defining command \divergence with sig. ' g o d() ' on line 243.
.................................................
.................................................
. LaTeX info: "xparse/define-command"
. 
. Defining command \div with sig. '' on line 246.
.................................................
.................................................
. LaTeX info: "xparse/define-command"
. 
. Defining command \curl with sig. ' g o d() ' on line 256.
.................................................
.................................................
. LaTeX info: "xparse/define-command"
. 
. Defining command \laplacian with sig. ' g o d() ' on line 266.
.................................................
.................................................
. LaTeX info: "xparse/define-command"
. 
. Defining command \principalvalue with sig. 'g' on line 274.
.................................................
.................................................
. LaTeX info: "xparse/define-command"
. 
. Defining command \pv with sig. '' on line 275.
.................................................
.................................................
. LaTeX info: "xparse/define-command"
. 
. Defining command \PV with sig. 'g' on line 276.
.................................................
.................................................
. LaTeX info: "xparse/redefine-command"
. 
. Redefining command \Re with sig. 'g' on line 277.
.................................................
.................................................
. LaTeX info: "xparse/redefine-command"
. 
. Redefining command \Im with sig. 'g' on line 278.
.................................................
.................................................
. LaTeX info: "xparse/define-command"
. 
. Defining command \opbraces with sig. ' m g o d() ' on line 299.
.................................................
.................................................
. LaTeX info: "xparse/define-command"
. 
. Defining command \trigbraces with sig. ' m o d() ' on line 305.
.................................................
.................................................
. LaTeX info: "xparse/redefine-command"
. 
. Redefining command \sin with sig. '' on line 309.
.................................................
.................................................
. LaTeX info: "xparse/redefine-command"
. 
. Redefining command \cos with sig. '' on line 310.
.................................................
.................................................
. LaTeX info: "xparse/redefine-command"
. 
. Redefining command \tan with sig. '' on line 311.
.................................................
.................................................
. LaTeX info: "xparse/redefine-command"
. 
. Redefining command \csc with sig. '' on line 312.
.................................................
.................................................
. LaTeX info: "xparse/redefine-command"
. 
. Redefining command \sec with sig. '' on line 313.
.................................................
.................................................
. LaTeX info: "xparse/redefine-command"
. 
. Redefining command \cot with sig. '' on line 314.
.................................................
.................................................
. LaTeX info: "xparse/redefine-command"
. 
. Redefining command \arcsin with sig. '' on line 316.
.................................................
.................................................
. LaTeX info: "xparse/redefine-command"
. 
. Redefining command \arccos with sig. '' on line 317.
.................................................
.................................................
. LaTeX info: "xparse/redefine-command"
. 
. Redefining command \arctan with sig. '' on line 318.
.................................................
.................................................
. LaTeX info: "xparse/define-command"
. 
. Defining command \arccsc with sig. '' on line 320.
.................................................
.................................................
. LaTeX info: "xparse/define-command"
. 
. Defining command \arcsec with sig. '' on line 322.
.................................................
.................................................
. LaTeX info: "xparse/define-command"
. 
. Defining command \arccot with sig. '' on line 324.
.................................................
.................................................
. LaTeX info: "xparse/define-command"
. 
. Defining command \asin with sig. '' on line 327.
.................................................
.................................................
. LaTeX info: "xparse/define-command"
. 
. Defining command \acos with sig. '' on line 329.
.................................................
.................................................
. LaTeX info: "xparse/define-command"
. 
. Defining command \atan with sig. '' on line 331.
.................................................
.................................................
. LaTeX info: "xparse/define-command"
. 
. Defining command \acsc with sig. '' on line 333.
.................................................
.................................................
. LaTeX info: "xparse/define-command"
. 
. Defining command \asec with sig. '' on line 335.
.................................................
.................................................
. LaTeX info: "xparse/define-command"
. 
. Defining command \acot with sig. '' on line 337.
.................................................
.................................................
. LaTeX info: "xparse/redefine-command"
. 
. Redefining command \sinh with sig. '' on line 339.
.................................................
.................................................
. LaTeX info: "xparse/redefine-command"
. 
. Redefining command \cosh with sig. '' on line 340.
.................................................
.................................................
. LaTeX info: "xparse/redefine-command"
. 
. Redefining command \tanh with sig. '' on line 341.
.................................................
.................................................
. LaTeX info: "xparse/define-command"
. 
. Defining command \csch with sig. '' on line 343.
.................................................
.................................................
. LaTeX info: "xparse/define-command"
. 
. Defining command \sech with sig. '' on line 345.
.................................................
.................................................
. LaTeX info: "xparse/redefine-command"
. 
. Redefining command \coth with sig. '' on line 346.
.................................................
.................................................
. LaTeX info: "xparse/redefine-command"
. 
. Redefining command \exp with sig. '' on line 348.
.................................................
.................................................
. LaTeX info: "xparse/redefine-command"
. 
. Redefining command \log with sig. '' on line 349.
.................................................
.................................................
. LaTeX info: "xparse/redefine-command"
. 
. Redefining command \ln with sig. '' on line 350.
.................................................
.................................................
. LaTeX info: "xparse/redefine-command"
. 
. Redefining command \det with sig. '' on line 351.
.................................................
.................................................
. LaTeX info: "xparse/redefine-command"
. 
. Redefining command \Pr with sig. '' on line 352.
.................................................
.................................................
. LaTeX info: "xparse/define-command"
. 
. Defining command \tr with sig. '' on line 353.
.................................................
.................................................
. LaTeX info: "xparse/define-command"
. 
. Defining command \Tr with sig. '' on line 354.
.................................................
.................................................
. LaTeX info: "xparse/define-command"
. 
. Defining command \Res with sig. '' on line 355.
.................................................
.................................................
. LaTeX info: "xparse/define-command"
. 
. Defining command \qqtext with sig. ' s m ' on line 377.
.................................................
.................................................
. LaTeX info: "xparse/define-command"
. 
. Defining command \qq with sig. '' on line 378.
.................................................
.................................................
. LaTeX info: "xparse/define-command"
. 
. Defining command \qcomma with sig. '' on line 380.
.................................................
.................................................
. LaTeX info: "xparse/define-command"
. 
. Defining command \qc with sig. '' on line 381.
.................................................
.................................................
. LaTeX info: "xparse/define-command"
. 
. Defining command \qif with sig. 's' on line 383.
.................................................
.................................................
. LaTeX info: "xparse/define-command"
. 
. Defining command \qthen with sig. 's' on line 384.
.................................................
.................................................
. LaTeX info: "xparse/define-command"
. 
. Defining command \qelse with sig. 's' on line 385.
.................................................
.................................................
. LaTeX info: "xparse/define-command"
. 
. Defining command \qotherwise with sig. 's' on line 386.
.................................................
.................................................
. LaTeX info: "xparse/define-command"
. 
. Defining command \qunless with sig. 's' on line 387.
.................................................
.................................................
. LaTeX info: "xparse/define-command"
. 
. Defining command \qgiven with sig. 's' on line 388.
.................................................
.................................................
. LaTeX info: "xparse/define-command"
. 
. Defining command \qusing with sig. 's' on line 389.
.................................................
.................................................
. LaTeX info: "xparse/define-command"
. 
. Defining command \qassume with sig. 's' on line 390.
.................................................
.................................................
. LaTeX info: "xparse/define-command"
. 
. Defining command \qsince with sig. 's' on line 391.
.................................................
.................................................
. LaTeX info: "xparse/define-command"
. 
. Defining command \qlet with sig. 's' on line 392.
.................................................
.................................................
. LaTeX info: "xparse/define-command"
. 
. Defining command \qfor with sig. 's' on line 393.
.................................................
.................................................
. LaTeX info: "xparse/define-command"
. 
. Defining command \qall with sig. 's' on line 394.
.................................................
.................................................
. LaTeX info: "xparse/define-command"
. 
. Defining command \qeven with sig. 's' on line 395.
.................................................
.................................................
. LaTeX info: "xparse/define-command"
. 
. Defining command \qodd with sig. 's' on line 396.
.................................................
.................................................
. LaTeX info: "xparse/define-command"
. 
. Defining command \qinteger with sig. 's' on line 397.
.................................................
.................................................
. LaTeX info: "xparse/define-command"
. 
. Defining command \qand with sig. 's' on line 398.
.................................................
.................................................
. LaTeX info: "xparse/define-command"
. 
. Defining command \qor with sig. 's' on line 399.
.................................................
.................................................
. LaTeX info: "xparse/define-command"
. 
. Defining command \qas with sig. 's' on line 400.
.................................................
.................................................
. LaTeX info: "xparse/define-command"
. 
. Defining command \qin with sig. 's' on line 401.
.................................................
.................................................
. LaTeX info: "xparse/define-command"
. 
. Defining command \qcc with sig. 's' on line 402.
.................................................
.................................................
. LaTeX info: "xparse/define-command"
. 
. Defining command \differential with sig. ' o g d() ' on line 415.
.................................................
.................................................
. LaTeX info: "xparse/define-command"
. 
. Defining command \dd with sig. '' on line 416.
.................................................
.................................................
. LaTeX info: "xparse/define-command"
. 
. Defining command \derivative with sig. ' s o m g d() ' on line 435.
.................................................
.................................................
. LaTeX info: "xparse/define-command"
. 
. Defining command \dv with sig. '' on line 436.
.................................................
.................................................
. LaTeX info: "xparse/define-command"
. 
. Defining command \partialderivative with sig. ' s o m g g d() ' on line 460.
.................................................
.................................................
. LaTeX info: "xparse/define-command"
. 
. Defining command \pderivative with sig. '' on line 461.
.................................................
.................................................
. LaTeX info: "xparse/define-command"
. 
. Defining command \pdv with sig. '' on line 462.
.................................................
.................................................
. LaTeX info: "xparse/define-command"
. 
. Defining command \variation with sig. ' o g d() ' on line 474.
.................................................
.................................................
. LaTeX info: "xparse/define-command"
. 
. Defining command \var with sig. '' on line 475.
.................................................
.................................................
. LaTeX info: "xparse/define-command"
. 
. Defining command \functionalderivative with sig. ' s o m g d() ' on line
. 494.
.................................................
.................................................
. LaTeX info: "xparse/define-command"
. 
. Defining command \fderivative with sig. '' on line 495.
.................................................
.................................................
. LaTeX info: "xparse/define-command"
. 
. Defining command \fdv with sig. '' on line 496.
.................................................
.................................................
. LaTeX info: "xparse/define-command"
. 
. Defining command \bra with sig. ' s m t\ket s g ' on line 526.
.................................................
*************************************************
* LaTeX warning: "xparse/not-single-char"
* 
* Argument delimiter '\ket ' for the command '\bra' should be a single
* character.
*************************************************
.................................................
. LaTeX info: "xparse/define-command"
. 
. Defining command \ket with sig. ' s m ' on line 533.
.................................................
.................................................
. LaTeX info: "xparse/define-command"
. 
. Defining command \innerproduct with sig. ' s m g ' on line 548.
.................................................
.................................................
. LaTeX info: "xparse/define-command"
. 
. Defining command \braket with sig. '' on line 549.
.................................................
.................................................
. LaTeX info: "xparse/define-command"
. 
. Defining command \ip with sig. '' on line 550.
.................................................
.................................................
. LaTeX info: "xparse/define-command"
. 
. Defining command \outerproduct with sig. ' s m g ' on line 565.
.................................................
.................................................
. LaTeX info: "xparse/define-command"
. 
. Defining command \dyad with sig. '' on line 566.
.................................................
.................................................
. LaTeX info: "xparse/define-command"
. 
. Defining command \op with sig. '' on line 567.
.................................................
.................................................
. LaTeX info: "xparse/define-command"
. 
. Defining command \ketbra with sig. '' on line 568.
.................................................
.................................................
. LaTeX info: "xparse/define-command"
. 
. Defining command \expectationvalue with sig. ' s s m g ' on line 587.
.................................................
.................................................
. LaTeX info: "xparse/define-command"
. 
. Defining command \expval with sig. '' on line 588.
.................................................
.................................................
. LaTeX info: "xparse/define-command"
. 
. Defining command \ev with sig. '' on line 589.
.................................................
.................................................
. LaTeX info: "xparse/define-command"
. 
. Defining command \vev with sig. ' m ' on line 590.
.................................................
.................................................
. LaTeX info: "xparse/define-command"
. 
. Defining command \matrixelement with sig. ' s s m m m ' on line 601.
.................................................
.................................................
. LaTeX info: "xparse/define-command"
. 
. Defining command \matrixel with sig. '' on line 602.
.................................................
.................................................
. LaTeX info: "xparse/define-command"
. 
. Defining command \mel with sig. '' on line 603.
.................................................
.................................................
. LaTeX info: "xparse/define-command"
. 
. Defining command \identitymatrix with sig. 'm' on line 633.
.................................................
.................................................
. LaTeX info: "xparse/define-command"
. 
. Defining command \imat with sig. '' on line 634.
.................................................
.................................................
. LaTeX info: "xparse/define-command"
. 
. Defining command \xmatrix with sig. ' s m m m ' on line 659.
.................................................
.................................................
. LaTeX info: "xparse/define-command"
. 
. Defining command \xmat with sig. '' on line 660.
.................................................
.................................................
. LaTeX info: "xparse/define-command"
. 
. Defining command \zeromatrix with sig. ' m g ' on line 662.
.................................................
.................................................
. LaTeX info: "xparse/define-command"
. 
. Defining command \zmat with sig. '' on line 663.
.................................................
.................................................
. LaTeX info: "xparse/define-command"
. 
. Defining command \paulixmatrix with sig. '' on line 665.
.................................................
.................................................
. LaTeX info: "xparse/define-command"
. 
. Defining command \pauliymatrix with sig. '' on line 666.
.................................................
.................................................
. LaTeX info: "xparse/define-command"
. 
. Defining command \paulizmatrix with sig. '' on line 667.
.................................................
.................................................
. LaTeX info: "xparse/define-command"
. 
. Defining command \paulimatrix with sig. 'm' on line 678.
.................................................
.................................................
. LaTeX info: "xparse/define-command"
. 
. Defining command \pmat with sig. '' on line 679.
.................................................
.................................................
. LaTeX info: "xparse/define-command"
. 
. Defining command \diagonalmatrix with sig. 'O{} >{\SplitList {,}}m ' on line
. 681.
.................................................
.................................................
. LaTeX info: "xparse/define-command"
. 
. Defining command \@dmat with sig. 'mmggggggg' on line 714.
.................................................
.................................................
. LaTeX info: "xparse/define-command"
. 
. Defining command \dmat with sig. '' on line 715.
.................................................
.................................................
. LaTeX info: "xparse/define-command"
. 
. Defining command \antidiagonalmatrix with sig. 'O{} >{\SplitList {,}}m ' on
. line 717.
.................................................
.................................................
. LaTeX info: "xparse/define-command"
. 
. Defining command \@admat with sig. 'mmggggggg' on line 750.
.................................................
.................................................
. LaTeX info: "xparse/define-command"
. 
. Defining command \admat with sig. '' on line 751.
.................................................
.................................................
. LaTeX info: "xparse/define-command"
. 
. Defining command \flatfrac with sig. ' m m ' on line 754.
.................................................
.................................................
. LaTeX info: "xparse/define-command"
. 
. Defining command \homework with sig. '' on line 764.
.................................................
) ("C:\Program Files\MiKTeX 2.9\tex\latex\titlesec\titlesec.sty"
Package: titlesec 2016/03/21 v2.10.2 Sectioning titles
\ttl@box=\box79
\beforetitleunit=\skip70
\aftertitleunit=\skip71
\ttl@plus=\dimen283
\ttl@minus=\dimen284
\ttl@toksa=\toks41
\titlewidth=\dimen285
\titlewidthlast=\dimen286
\titlewidthfirst=\dimen287
)
("C:\Program Files\MiKTeX 2.9\tex\latex\caption\caption.sty"
Package: caption 2018/05/01 v3.3-147 Customizing captions (AR)

("C:\Program Files\MiKTeX 2.9\tex\latex\caption\caption3.sty"
Package: caption3 2018/05/27 v1.8a caption3 kernel (AR)
Package caption3 Info: TeX engine: e-TeX on input line 64.
\captionmargin=\dimen288
\captionmargin@=\dimen289
\captionwidth=\dimen290
\caption@tempdima=\dimen291
\caption@indent=\dimen292
\caption@parindent=\dimen293
\caption@hangindent=\dimen294
)
\c@ContinuedFloat=\count315
Package caption Info: float package is loaded.
Package caption Info: listings package is loaded.
)
("C:\Program Files\MiKTeX 2.9\tex\latex\caption\subcaption.sty"
Package: subcaption 2018/05/01 v1.1-162 Sub-captions (AR)
\c@subfigure=\count316
\c@subtable=\count317
)
("C:\Program Files\MiKTeX 2.9\tex\latex\python\python.sty"
Package: python 2007/06/07 v0.21 Python in LaTeX
\@out=\write6
\@module=\write7
)
("C:\Program Files\MiKTeX 2.9\tex\latex\placeins\placeins.sty"
Package: placeins 2005/04/18  v 2.2
)
("C:\Program Files\MiKTeX 2.9\tex\latex\tools\bm.sty"
Package: bm 2017/01/16 v1.2c Bold Symbol Support (DPC/FMi)
\symboldoperators=\mathgroup6
\symboldletters=\mathgroup7
\symboldsymbols=\mathgroup8
LaTeX Font Info:    Redeclaring math alphabet \mathbf on input line 141.
LaTeX Info: Redefining \bm on input line 207.
)
("C:\Program Files\MiKTeX 2.9\tex\latex\esvect\esvect.sty"
Package: esvect 
\symesvector=\mathgroup9
)
(yarosevich_522_hw2.aux)
\openout1 = `yarosevich_522_hw2.aux'.

LaTeX Font Info:    Checking defaults for OML/cmm/m/it on input line 76.
LaTeX Font Info:    ... okay on input line 76.
LaTeX Font Info:    Checking defaults for T1/cmr/m/n on input line 76.
LaTeX Font Info:    ... okay on input line 76.
LaTeX Font Info:    Checking defaults for OT1/cmr/m/n on input line 76.
LaTeX Font Info:    ... okay on input line 76.
LaTeX Font Info:    Checking defaults for OMS/cmsy/m/n on input line 76.
LaTeX Font Info:    ... okay on input line 76.
LaTeX Font Info:    Checking defaults for OMX/cmex/m/n on input line 76.
LaTeX Font Info:    ... okay on input line 76.
LaTeX Font Info:    Checking defaults for U/cmr/m/n on input line 76.
LaTeX Font Info:    ... okay on input line 76.
LaTeX Font Info:    Checking defaults for TS1/cmr/m/n on input line 76.
LaTeX Font Info:    Try loading font information for TS1+cmr on input line 76.
 ("C:\Program Files\MiKTeX 2.9\tex\latex\base\ts1cmr.fd"
File: ts1cmr.fd 2014/09/29 v2.5h Standard LaTeX font definitions
)
LaTeX Font Info:    ... okay on input line 76.

("C:\Program Files\MiKTeX 2.9\tex\latex\translator\translator-basic-dictionary-
English.dict"
Dictionary: translator-basic-dictionary, Language: English 
)
("C:\Program Files\MiKTeX 2.9\tex\latex\siunitx\siunitx-abbreviations.cfg"
File: siunitx-abbreviations.cfg 2017/11/26 v2.7k siunitx: Abbreviated units
)
("C:\Program Files\MiKTeX 2.9\tex\context\base\supp-pdf.mkii"
[Loading MPS to PDF converter (version 2006.09.02).]
\scratchcounter=\count318
\scratchdimen=\dimen295
\scratchbox=\box80
\nofMPsegments=\count319
\nofMParguments=\count320
\everyMPshowfont=\toks42
\MPscratchCnt=\count321
\MPscratchDim=\dimen296
\MPnumerator=\count322
\makeMPintoPDFobject=\count323
\everyMPtoPDFconversion=\toks43
) ("C:\Program Files\MiKTeX 2.9\tex\latex\oberdiek\epstopdf-base.sty"
Package: epstopdf-base 2016/05/15 v2.6 Base part for package epstopdf

("C:\Program Files\MiKTeX 2.9\tex\latex\oberdiek\grfext.sty"
Package: grfext 2016/05/16 v1.2 Manage graphics extensions (HO)

("C:\Program Files\MiKTeX 2.9\tex\generic\oberdiek\kvdefinekeys.sty"
Package: kvdefinekeys 2016/05/16 v1.4 Define keys (HO)
))
("C:\Program Files\MiKTeX 2.9\tex\latex\oberdiek\kvoptions.sty"
Package: kvoptions 2016/05/16 v3.12 Key value format for package options (HO)

("C:\Program Files\MiKTeX 2.9\tex\generic\oberdiek\kvsetkeys.sty"
Package: kvsetkeys 2016/05/16 v1.17 Key value parser (HO)

("C:\Program Files\MiKTeX 2.9\tex\generic\oberdiek\etexcmds.sty"
Package: etexcmds 2016/05/16 v1.6 Avoid name clashes with e-TeX commands (HO)
Package etexcmds Info: Could not find \expanded.
(etexcmds)             That can mean that you are not using pdfTeX 1.50 or
(etexcmds)             that some package has redefined \expanded.
(etexcmds)             In the latter case, load this package earlier.
)))
Package epstopdf-base Info: Redefining graphics rule for `.eps' on input line 4
38.
Package grfext Info: Graphics extension search list:
(grfext)             [.pdf,.png,.jpg,.mps,.jpeg,.jbig2,.jb2,.PDF,.PNG,.JPG,.JPE
G,.JBIG2,.JB2,.eps]
(grfext)             \AppendGraphicsExtensions on input line 456.
)
\c@lstlisting=\count324

ABD: EveryShipout initializing macros
("C:\Program Files\MiKTeX 2.9\tex\latex\base\inputenc.sty"
Package: inputenc 2015/03/17 v1.2c Input encoding file
\inpenc@prehook=\toks44
\inpenc@posthook=\toks45
)
Package caption Info: Begin \AtBeginDocument code.
Package caption Info: End \AtBeginDocument code.
LaTeX Font Info:    Try loading font information for U+msa on input line 76.

("C:\Program Files\MiKTeX 2.9\tex\latex\amsfonts\umsa.fd"
File: umsa.fd 2013/01/14 v3.01 AMS symbols A
)
LaTeX Font Info:    Try loading font information for U+msb on input line 76.

("C:\Program Files\MiKTeX 2.9\tex\latex\amsfonts\umsb.fd"
File: umsb.fd 2013/01/14 v3.01 AMS symbols B
)
LaTeX Font Info:    Try loading font information for U+esvect on input line 76.


("C:\Program Files\MiKTeX 2.9\tex\latex\esvect\uesvect.fd"
File: uesvect.fd 
)
Underfull \hbox (badness 10000) in paragraph at lines 96--101

 []


Underfull \hbox (badness 10000) in paragraph at lines 96--101

 []

[1

{C:/Users/zennsunni/AppData/Local/MiKTeX/2.9/pdftex/config/pdftex.map}]
Overfull \hbox (48.234pt too wide) detected at line 105
[][]
 []

<hw2_part3_2.png, id=54, 393.47pt x 269.005pt>
File: hw2_part3_2.png Graphic file (type png)
<use hw2_part3_2.png>
Package pdftex.def Info: hw2_part3_2.png  used on input line 118.
(pdftex.def)             Requested size: 295.10176pt x 201.75325pt.
[2] ("C:\Program Files\MiKTeX 2.9\tex\latex\listings\lstlang1.sty"
File: lstlang1.sty 2015/06/04 1.6 listings language file
)
LaTeX Font Info:    Font shape `OT1/cmtt/bx/n' in size <10> not available
(Font)              Font shape `OT1/cmtt/m/n' tried instead on input line 124.
 [3 <./hw2_part3_2.png>] [4]
Underfull \hbox (badness 10000) in paragraph at lines 173--192

 []


Underfull \hbox (badness 10000) in paragraph at lines 173--192

 []


Underfull \hbox (badness 10000) in paragraph at lines 173--192

 []


Underfull \hbox (badness 10000) in paragraph at lines 173--192

 []


Underfull \hbox (badness 10000) in paragraph at lines 173--192

 []


Underfull \hbox (badness 10000) in paragraph at lines 173--192

 []

[5]
<part4_10_5.png, id=72, 390.45876pt x 266.9975pt>
File: part4_10_5.png Graphic file (type png)
<use part4_10_5.png>
Package pdftex.def Info: part4_10_5.png  used on input line 193.
(pdftex.def)             Requested size: 234.27705pt x 160.19972pt.
<part4_100_50.png, id=73, 393.47pt x 266.9975pt>
File: part4_100_50.png Graphic file (type png)
<use part4_100_50.png>
Package pdftex.def Info: part4_100_50.png  used on input line 196.
(pdftex.def)             Requested size: 236.0838pt x 160.19972pt.
<part4_1000_500.png, id=74, 396.48125pt x 266.9975pt>
File: part4_1000_500.png Graphic file (type png)
<use part4_1000_500.png>
Package pdftex.def Info: part4_1000_500.png  used on input line 199.
(pdftex.def)             Requested size: 237.89058pt x 160.19972pt.
 [6 <./part4_10_5.png>] [7 <./part4_100_50.png> <./part4_1000_500.png>]
<paper_figure.png, id=86, 218.31563pt x 185.94469pt>
File: paper_figure.png Graphic file (type png)
<use paper_figure.png>
Package pdftex.def Info: paper_figure.png  used on input line 208.
(pdftex.def)             Requested size: 218.31508pt x 185.94421pt.

Underfull \hbox (badness 10000) in paragraph at lines 213--216

 []

[8 <./paper_figure.png>] [9]
Missing character: There is no  in font cmr10!
Missing character: There is no  in font cmr10!
Missing character: There is no  in font cmr10!
Missing character: There is no  in font cmr10!
Missing character: There is no  in font cmr10!
Missing character: There is no  in font cmr10!
Missing character: There is no  in font cmr10!
Missing character: There is no  in font cmr10!
Missing character: There is no  in font cmr10!

Underfull \hbox (badness 10000) in paragraph at lines 267--270

 []

[10] [11] (yarosevich_522_hw2.aux) ) 
Here is how much of TeX's memory you used:
 33518 strings out of 493305
 692099 string characters out of 3138862
 850859 words of memory out of 3000000
 36567 multiletter control sequences out of 15000+200000
 549611 words of font info for 93 fonts, out of 3000000 for 9000
 1141 hyphenation exceptions out of 8191
 63i,12n,101p,1063b,1769s stack positions out of 5000i,500n,10000p,200000b,50000s
<C:/Program Files/MiKTeX 2.9/fonts/type1/pu
blic/amsfonts/cm/cmbx12.pfb><C:/Program Files/MiKTeX 2.9/fonts/type1/public/ams
fonts/cm/cmcsc10.pfb><C:/Program Files/MiKTeX 2.9/fonts/type1/public/amsfonts/c
m/cmitt10.pfb><C:/Program Files/MiKTeX 2.9/fonts/type1/public/amsfonts/cm/cmmi1
0.pfb><C:/Program Files/MiKTeX 2.9/fonts/type1/public/amsfonts/cm/cmmi5.pfb><C:
/Program Files/MiKTeX 2.9/fonts/type1/public/amsfonts/cm/cmmi7.pfb><C:/Program 
Files/MiKTeX 2.9/fonts/type1/public/amsfonts/cm/cmr10.pfb><C:/Program Files/MiK
TeX 2.9/fonts/type1/public/amsfonts/cm/cmr12.pfb><C:/Program Files/MiKTeX 2.9/f
onts/type1/public/amsfonts/cm/cmr17.pfb><C:/Program Files/MiKTeX 2.9/fonts/type
1/public/amsfonts/cm/cmr7.pfb><C:/Program Files/MiKTeX 2.9/fonts/type1/public/a
msfonts/cm/cmsy10.pfb><C:/Program Files/MiKTeX 2.9/fonts/type1/public/amsfonts/
cm/cmsy7.pfb><C:/Program Files/MiKTeX 2.9/fonts/type1/public/amsfonts/cm/cmti10
.pfb><C:/Program Files/MiKTeX 2.9/fonts/type1/public/amsfonts/cm/cmtt10.pfb>
Output written on yarosevich_522_hw2.pdf (11 pages, 229124 bytes).
PDF statistics:
 144 PDF objects out of 1000 (max. 8388607)
 0 named destinations out of 1000 (max. 500000)
 182 words of extra memory for PDF output out of 10000 (max. 10000000)

